<?xml version="1.0" encoding="UTF-8"?>
<!-- Generated by org.testng.reporters.JUnitReportReporter -->
<testsuite hostname="Glenns-Mac-mini.local" failures="0" tests="1" name="tests.sampleWeb_test" time="3.162" errors="0" timestamp="2023-10-17T13:26:30 PST" skipped="0">
  <testcase classname="tests.sampleWeb_test" name="testWeb" time="3.162"/>
  <system-out>
    <![CDATA[Click from top Menu: clicked Log in
Log in: entered login credentials]]>
  </system-out>
</testsuite> <!-- tests.sampleWeb_test -->
