<?xml version="1.0" encoding="UTF-8"?>
<!-- Generated by org.testng.reporters.JUnitReportReporter -->
<testsuite hostname="Glenns-Mac-mini.local" failures="0" tests="1" name="tests.sampleWeb" time="4.758" errors="0" timestamp="2023-10-17T16:29:06 PST" skipped="0">
  <testcase classname="tests.sampleWeb" name="testWeb" time="4.758"/>
  <system-out>
    <![CDATA[Click from top Menu: clicked Log in
Log in: entered login credentials
Verify successful login: Login successful!
Click from top Menu: clicked Log out
Verify successful log out: Login successful!]]>
  </system-out>
</testsuite> <!-- tests.sampleWeb -->
