<?xml version="1.0" encoding="UTF-8"?>
<!-- Generated by org.testng.reporters.JUnitReportReporter -->
<testsuite hostname="Glenns-Mac-mini.local" failures="0" tests="1" name="tests.BaseClass" time="0.002" errors="0" timestamp="2023-10-08T13:02:21 PST" skipped="0">
  <testcase classname="tests.BaseClass" name="sampleTest" time="0.002"/>
</testsuite> <!-- tests.BaseClass -->
