<?xml version="1.0" encoding="UTF-8"?>
<!-- Generated by org.testng.reporters.JUnitReportReporter -->
<testsuite hostname="Glenns-Mac-mini.local" failures="0" tests="1" name="tests.sampleTest" time="4.413" errors="0" timestamp="2023-10-16T13:04:20 PST" skipped="0">
  <testcase classname="tests.sampleTest" name="testOne" time="4.413"/>
  <system-out>
    <![CDATA[number: clicked 1
operation: clicked +
number: clicked 2
operation: clicked =
parsingStatement: finished parsing statement
verify_result: verified result]]>
  </system-out>
</testsuite> <!-- tests.sampleTest -->
